2004.10.26 21:41 B C:\Theo\Buch\ABAP1\Beispiele\Z_AO_01.txt --> ftp.kontent.de /download/abapbuch Z_AO_01.txt
2004.10.26 21:41 B C:\Theo\Buch\ABAP1\Beispiele\Z_AO_02.txt --> ftp.kontent.de /download/abapbuch Z_AO_02.txt
2004.10.26 21:41 B C:\Theo\Buch\ABAP1\Beispiele\Z_AO_03.txt --> ftp.kontent.de /download/abapbuch Z_AO_03.txt
2004.10.26 21:41 B C:\Theo\Buch\ABAP1\Beispiele\Z_AO_04.txt --> ftp.kontent.de /download/abapbuch Z_AO_04.txt
2004.10.26 21:41 B C:\Theo\Buch\ABAP1\Beispiele\Z_AO_05.txt --> ftp.kontent.de /download/abapbuch Z_AO_05.txt
2004.10.26 21:41 B C:\Theo\Buch\ABAP1\Beispiele\Z_AO_06.txt --> ftp.kontent.de /download/abapbuch Z_AO_06.txt
2004.10.26 21:41 B C:\Theo\Buch\ABAP1\Beispiele\Z_AO_07.txt --> ftp.kontent.de /download/abapbuch Z_AO_07.txt
2004.10.26 21:41 B C:\Theo\Buch\ABAP1\Beispiele\Z_BIB_V1.txt --> ftp.kontent.de /download/abapbuch Z_BIB_V1.txt
2004.10.26 21:41 B C:\Theo\Buch\ABAP1\Beispiele\Z_BIB_V2.txt --> ftp.kontent.de /download/abapbuch Z_BIB_V2.txt
2004.10.26 21:41 B C:\Theo\Buch\ABAP1\Beispiele\ZBIB_ALV01.txt --> ftp.kontent.de /download/abapbuch ZBIB_ALV01.txt
2004.10.26 21:41 B C:\Theo\Buch\ABAP1\Beispiele\ZBIB_ALV02.txt --> ftp.kontent.de /download/abapbuch ZBIB_ALV02.txt
2004.10.26 21:41 B C:\Theo\Buch\ABAP1\Beispiele\ZBIB_ALV03.txt --> ftp.kontent.de /download/abapbuch ZBIB_ALV03.txt
2004.10.26 21:41 B C:\Theo\Buch\ABAP1\Beispiele\ZBIB_BES01.txt --> ftp.kontent.de /download/abapbuch ZBIB_BES01.txt
2004.10.26 21:41 B C:\Theo\Buch\ABAP1\Beispiele\ZBIB_DATINIT.txt --> ftp.kontent.de /download/abapbuch ZBIB_DATINIT.txt
2004.10.26 21:41 B C:\Theo\Buch\ABAP1\Beispiele\ZBIB_EX01.txt --> ftp.kontent.de /download/abapbuch ZBIB_EX01.txt
2004.10.26 21:41 B C:\Theo\Buch\ABAP1\Beispiele\ZBIB_EX02.txt --> ftp.kontent.de /download/abapbuch ZBIB_EX02.txt
2004.10.26 21:41 B C:\Theo\Buch\ABAP1\Beispiele\ZBIB_EX03.txt --> ftp.kontent.de /download/abapbuch ZBIB_EX03.txt
2004.10.26 21:41 B C:\Theo\Buch\ABAP1\Beispiele\ZBIB_EX04.txt --> ftp.kontent.de /download/abapbuch ZBIB_EX04.txt
2004.10.26 21:41 B C:\Theo\Buch\ABAP1\Beispiele\ZBIB_FTPPUT.txt --> ftp.kontent.de /download/abapbuch ZBIB_FTPPUT.txt
2004.10.26 21:41 B C:\Theo\Buch\ABAP1\Beispiele\ZBIB_IM01.txt --> ftp.kontent.de /download/abapbuch ZBIB_IM01.txt
2004.10.26 21:41 B C:\Theo\Buch\ABAP1\Beispiele\ZBIB_OI01.txt --> ftp.kontent.de /download/abapbuch ZBIB_OI01.txt
2004.10.26 21:41 B C:\Theo\Buch\ABAP1\Beispiele\ZBIB_OI02.txt --> ftp.kontent.de /download/abapbuch ZBIB_OI02.txt
2004.10.26 21:41 B C:\Theo\Buch\ABAP1\Beispiele\ZBIB_OI03.txt --> ftp.kontent.de /download/abapbuch ZBIB_OI03.txt
2004.10.26 21:41 B C:\Theo\Buch\ABAP1\Beispiele\ZBIB_STDIA.txt --> ftp.kontent.de /download/abapbuch ZBIB_STDIA.txt
2004.10.26 21:41 B C:\Theo\Buch\ABAP1\Beispiele\ZBIB_TE01.txt --> ftp.kontent.de /download/abapbuch ZBIB_TE01.txt
2004.10.26 21:41 B C:\Theo\Buch\ABAP1\Beispiele\ZBIB_TP1.txt --> ftp.kontent.de /download/abapbuch ZBIB_TP1.txt
2004.10.26 21:41 B C:\Theo\Buch\ABAP1\Beispiele\ZBIB_TP2.txt --> ftp.kontent.de /download/abapbuch ZBIB_TP2.txt
2004.10.26 21:41 B C:\Theo\Buch\ABAP1\Beispiele\ZBIB_TP3.txt --> ftp.kontent.de /download/abapbuch ZBIB_TP3.txt
2004.10.26 21:41 B C:\Theo\Buch\ABAP1\Beispiele\ZBIB_TP4.txt --> ftp.kontent.de /download/abapbuch ZBIB_TP4.txt
2004.10.26 21:42 B C:\Theo\Buch\ABAP1\Beispiele\ZBIB_TX1.txt --> ftp.kontent.de /download/abapbuch ZBIB_TX1.txt
2004.10.26 21:42 B C:\Theo\Buch\ABAP1\Beispiele\ZBIB_VERB.txt --> ftp.kontent.de /download/abapbuch ZBIB_VERB.txt
2004.10.26 21:42 B C:\Theo\Buch\ABAP1\Beispiele\ZBIB_VERB_S.txt --> ftp.kontent.de /download/abapbuch ZBIB_VERB_S.txt
2004.10.26 21:42 B C:\Theo\Buch\ABAP1\Beispiele\ZBIB_WB1.txt --> ftp.kontent.de /download/abapbuch ZBIB_WB1.txt
2004.10.26 21:42 B C:\Theo\Buch\ABAP1\Beispiele\ZBIB_WB2.txt --> ftp.kontent.de /download/abapbuch ZBIB_WB2.txt
2004.10.27 21:48 B C:\Theo\Buch\ABAP1\Beispiele\ZBIB_SM2.txt --> ftp.kontent.de /download/abapbuch ZBIB_SM2.txt
2004.10.27 21:48 B C:\Theo\Buch\ABAP1\Beispiele\ZBIB_SM1.txt --> ftp.kontent.de /download/abapbuch ZBIB_SM1.txt
2004.10.27 21:48 B C:\Theo\Buch\ABAP1\Beispiele\ZBIB_FORM3.xml --> ftp.kontent.de /download/abapbuch ZBIB_FORM3.xml
2004.10.27 21:48 B C:\Theo\Buch\ABAP1\Beispiele\ZBIB_FORM2.xml --> ftp.kontent.de /download/abapbuch ZBIB_FORM2.xml
2004.10.27 21:48 B C:\Theo\Buch\ABAP1\Beispiele\ZBIB_FORM1.xml --> ftp.kontent.de /download/abapbuch ZBIB_FORM1.xml
2005.02.13 15:43 B C:\Theo\Buch\ABAP1\Beispiele\Bib46All.zip --> ftp.kontent.de /download/abapbuch Bib46All.zip
2005.02.13 15:43 B C:\Theo\Buch\ABAP1\Beispiele\Bib46DDIC.zip --> ftp.kontent.de /download/abapbuch Bib46DDIC.zip
2005.02.13 15:43 B C:\Theo\Buch\ABAP1\Beispiele\Bib47All.zip --> ftp.kontent.de /download/abapbuch Bib47All.zip
2005.02.13 15:43 B C:\Theo\Buch\ABAP1\Beispiele\Bib47DDIC.zip --> ftp.kontent.de /download/abapbuch Bib47DDIC.zip
